mode: set
github.com/codeuchain/codeuchain/go/codeuchain.go:17.65,18.17 1 1
github.com/codeuchain/codeuchain/go/codeuchain.go:18.17,20.3 1 1
github.com/codeuchain/codeuchain/go/codeuchain.go:21.2,21.32 1 1
github.com/codeuchain/codeuchain/go/codeuchain.go:25.50,27.2 1 1
github.com/codeuchain/codeuchain/go/codeuchain.go:30.72,32.27 2 1
github.com/codeuchain/codeuchain/go/codeuchain.go:32.27,34.3 1 1
github.com/codeuchain/codeuchain/go/codeuchain.go:35.2,36.35 2 1
github.com/codeuchain/codeuchain/go/codeuchain.go:40.76,42.27 2 1
github.com/codeuchain/codeuchain/go/codeuchain.go:42.27,44.3 1 1
github.com/codeuchain/codeuchain/go/codeuchain.go:45.2,46.37 2 1
github.com/codeuchain/codeuchain/go/codeuchain.go:50.59,52.27 2 1
github.com/codeuchain/codeuchain/go/codeuchain.go:52.27,54.3 1 1
github.com/codeuchain/codeuchain/go/codeuchain.go:55.2,55.31 1 1
github.com/codeuchain/codeuchain/go/codeuchain.go:55.31,57.3 1 1
github.com/codeuchain/codeuchain/go/codeuchain.go:58.2,58.35 1 1
github.com/codeuchain/codeuchain/go/codeuchain.go:62.53,64.27 2 1
github.com/codeuchain/codeuchain/go/codeuchain.go:64.27,66.3 1 1
github.com/codeuchain/codeuchain/go/codeuchain.go:67.2,67.15 1 1
github.com/codeuchain/codeuchain/go/codeuchain.go:76.42,78.2 1 1
github.com/codeuchain/codeuchain/go/codeuchain.go:81.55,83.2 1 1
github.com/codeuchain/codeuchain/go/codeuchain.go:86.62,88.2 1 1
github.com/codeuchain/codeuchain/go/codeuchain.go:91.55,93.2 1 1
github.com/codeuchain/codeuchain/go/codeuchain.go:118.97,120.2 1 1
github.com/codeuchain/codeuchain/go/codeuchain.go:122.96,124.2 1 1
github.com/codeuchain/codeuchain/go/codeuchain.go:126.109,128.2 1 1
github.com/codeuchain/codeuchain/go/codeuchain.go:146.24,153.2 1 1
github.com/codeuchain/codeuchain/go/codeuchain.go:156.60,157.42 1 1
github.com/codeuchain/codeuchain/go/codeuchain.go:157.42,159.3 1 1
github.com/codeuchain/codeuchain/go/codeuchain.go:160.2,160.23 1 1
github.com/codeuchain/codeuchain/go/codeuchain.go:164.85,170.2 1 1
github.com/codeuchain/codeuchain/go/codeuchain.go:173.57,175.2 1 1
github.com/codeuchain/codeuchain/go/codeuchain.go:178.92,182.36 2 1
github.com/codeuchain/codeuchain/go/codeuchain.go:182.36,183.57 1 1
github.com/codeuchain/codeuchain/go/codeuchain.go:183.57,185.4 1 1
github.com/codeuchain/codeuchain/go/codeuchain.go:189.2,189.36 1 1
github.com/codeuchain/codeuchain/go/codeuchain.go:189.36,192.37 2 1
github.com/codeuchain/codeuchain/go/codeuchain.go:192.37,193.59 1 1
github.com/codeuchain/codeuchain/go/codeuchain.go:193.59,195.42 1 1
github.com/codeuchain/codeuchain/go/codeuchain.go:195.42,197.6 1 1
github.com/codeuchain/codeuchain/go/codeuchain.go:198.5,198.20 1 1
github.com/codeuchain/codeuchain/go/codeuchain.go:203.3,204.17 2 1
github.com/codeuchain/codeuchain/go/codeuchain.go:204.17,206.41 1 1
github.com/codeuchain/codeuchain/go/codeuchain.go:206.41,208.5 1 1
github.com/codeuchain/codeuchain/go/codeuchain.go:209.4,209.19 1 1
github.com/codeuchain/codeuchain/go/codeuchain.go:211.3,214.37 2 1
github.com/codeuchain/codeuchain/go/codeuchain.go:214.37,215.58 1 1
github.com/codeuchain/codeuchain/go/codeuchain.go:215.58,217.5 1 1
github.com/codeuchain/codeuchain/go/codeuchain.go:222.2,222.36 1 1
github.com/codeuchain/codeuchain/go/codeuchain.go:222.36,223.56 1 1
github.com/codeuchain/codeuchain/go/codeuchain.go:223.56,225.4 1 0
github.com/codeuchain/codeuchain/go/codeuchain.go:228.2,228.24 1 1
github.com/codeuchain/codeuchain/go/codeuchain.go:244.50,248.2 1 1
github.com/codeuchain/codeuchain/go/codeuchain.go:251.92,257.2 1 1
github.com/codeuchain/codeuchain/go/codeuchain.go:260.147,261.44 1 1
github.com/codeuchain/codeuchain/go/codeuchain.go:261.44,262.53 1 1
github.com/codeuchain/codeuchain/go/codeuchain.go:262.53,263.54 1 1
github.com/codeuchain/codeuchain/go/codeuchain.go:263.54,266.5 2 1
github.com/codeuchain/codeuchain/go/codeuchain.go:269.2,269.17 1 1
github.com/codeuchain/codeuchain/go/codeuchain.go:279.68,284.2 1 1
github.com/codeuchain/codeuchain/go/codeuchain.go:287.88,290.56 2 1
github.com/codeuchain/codeuchain/go/codeuchain.go:290.56,292.17 2 1
github.com/codeuchain/codeuchain/go/codeuchain.go:292.17,294.4 1 1
github.com/codeuchain/codeuchain/go/codeuchain.go:295.3,297.31 2 1
github.com/codeuchain/codeuchain/go/codeuchain.go:297.31,299.4 1 1
github.com/codeuchain/codeuchain/go/codeuchain.go:304.2,304.21 1 0
